2021-10-07 16:38:33  INFO  程序启动。  
2021-10-07 16:38:33  INFO  用户 888888888：开始任务。  
2021-10-07 16:38:35  ERROR  签到出错!  
2021-10-07 16:38:38  INFO  帖子ID：10510210 —— 阅读成功。  
2021-10-07 16:38:41  INFO  帖子ID：10510208 —— 阅读成功。  
2021-10-07 16:38:44  INFO  帖子ID：10510203 —— 阅读成功。  
2021-10-07 16:38:46  ERROR  帖子ID：10510210 —— 点赞失败！  
2021-10-07 16:38:48  ERROR  帖子ID：10510208 —— 点赞失败！  
2021-10-07 16:38:50  ERROR  帖子ID：10510203 —— 点赞失败！  
2021-10-07 16:38:52  ERROR  帖子ID：10510194 —— 点赞失败！  
2021-10-07 16:38:54  ERROR  帖子ID：10510193 —— 点赞失败！  
2021-10-07 16:38:56  ERROR  帖子ID：10510189 —— 点赞失败！  
2021-10-07 16:38:58  ERROR  帖子ID：10510183 —— 点赞失败！  
2021-10-07 16:39:00  ERROR  帖子ID：10510180 —— 点赞失败！  
2021-10-07 16:39:02  ERROR  帖子ID：10510178 —— 点赞失败！  
2021-10-07 16:39:03  ERROR  帖子ID：10510177 —— 点赞失败！  
2021-10-07 16:39:04  INFO  帖子ID：10510177 —— 转发成功。  
2021-10-07 16:39:04  INFO  帖子相关操作结束。  
2021-10-07 16:39:04  INFO  用户 888888888：任务结束。  
2021-10-07 16:39:04  WARN  执行失败的用户：888888888  
2021-10-07 16:39:04  INFO  程序结束。    
2021-10-07 16:52:32  INFO  程序启动。  
2021-10-07 16:52:32  INFO  用户 279160783：开始任务。  
2021-10-07 16:52:34  WARN  签到失败或重复签到。  
2021-10-07 16:52:37  INFO  帖子ID：10510895 —— 阅读成功。  
2021-10-07 16:52:41  INFO  帖子ID：10510890 —— 阅读成功。  
2021-10-07 16:52:45  INFO  帖子ID：10510889 —— 阅读成功。  
2021-10-07 16:52:48  INFO  帖子ID：10510895 —— 点赞成功。  
2021-10-07 16:52:50  INFO  帖子ID：10510890 —— 点赞成功。  
2021-10-07 16:52:52  INFO  帖子ID：10510889 —— 点赞成功。  
2021-10-07 16:52:54  INFO  帖子ID：10510880 —— 点赞成功。  
2021-10-07 16:52:56  INFO  帖子ID：10510879 —— 点赞成功。  
2021-10-07 16:52:58  INFO  帖子ID：10510877 —— 点赞成功。  
2021-10-07 16:53:00  INFO  帖子ID：10510874 —— 点赞成功。  
2021-10-07 16:53:02  INFO  帖子ID：10510871 —— 点赞成功。  
2021-10-07 16:53:04  INFO  帖子ID：10510867 —— 点赞成功。  
2021-10-07 16:53:06  INFO  帖子ID：10510866 —— 点赞成功。  
2021-10-07 16:53:07  INFO  帖子ID：10510866 —— 转发成功。  
2021-10-07 16:53:07  INFO  帖子相关操作结束。  
2021-10-07 16:53:07  INFO  用户 279160783：任务结束。  
2021-10-07 16:53:07  INFO  所有用户均操作完毕。  
2021-10-07 16:53:07  INFO  程序结束。    
2021-10-07 17:01:28  INFO  程序启动。  
2021-10-07 17:01:28  INFO  用户 279160783：开始任务。  
2021-10-07 17:01:28  WARN  服务器连接失败。  
2021-10-07 17:01:28  WARN  服务器连接失败。  
2021-10-07 17:01:28  INFO  用户 279160783：任务结束。  
2021-10-07 17:01:28  WARN  执行失败的用户：279160783  
2021-10-07 17:01:28  INFO  程序结束。  
